{"level":"warn","message":"Se inteto ingresar a /favicon.ico que no existe"}
{"level":"warn","message":"Se inteto ingresar a /favicon.ico que no existe"}
{"level":"warn","message":"Se inteto ingresar a /imagen/1678145740278-Lapicera que no existe"}
{"level":"warn","message":"Se inteto ingresar a /imagen/1678145740278-Lapicera que no existe"}
{"level":"warn","message":"Se inteto ingresar a /favicon.ico que no existe"}
{"level":"warn","message":"Se inteto ingresar a /imagen/1678145740278-Lapicera que no existe"}
{"level":"warn","message":"Se inteto ingresar a /favicon.ico que no existe"}
{"level":"warn","message":"Se inteto ingresar a /imagen/1678145740278-Lapicera que no existe"}
{"level":"warn","message":"Se inteto ingresar a /favicon.ico que no existe"}
{"level":"warn","message":"Se inteto ingresar a /favicon.ico que no existe"}
{"level":"warn","message":"Se inteto ingresar a /imagen/1678145740278-Lapicera que no existe"}
{"level":"warn","message":"Se inteto ingresar a /imagen/1678145740278-Lapicera que no existe"}
{"level":"warn","message":"Se inteto ingresar a /favicon.ico que no existe"}
{"level":"warn","message":"Se inteto ingresar a /favicon.ico que no existe"}
{"level":"warn","message":"Se inteto ingresar a /favicon.ico que no existe"}
{"level":"warn","message":"Se inteto ingresar a /favicon.ico que no existe"}
{"level":"warn","message":"Se inteto ingresar a /favicon.ico que no existe"}
{"level":"warn","message":"Se inteto ingresar a /favicon.ico que no existe"}
{"level":"warn","message":"Se inteto ingresar a /favicon.ico que no existe"}
{"level":"warn","message":"Se inteto ingresar a /favicon.ico que no existe"}
{"level":"warn","message":"Se inteto ingresar a /favicon.ico que no existe"}
{"level":"warn","message":"Se inteto ingresar a /favicon.ico que no existe"}
{"level":"warn","message":"Se inteto ingresar a /tiendas que no existe"}
{"level":"warn","message":"Se inteto ingresar a /favicon.ico que no existe"}
{"level":"warn","message":"Se inteto ingresar a /favicon.ico que no existe"}
{"level":"warn","message":"Se inteto ingresar a /favicon.ico que no existe"}
{"level":"warn","message":"Se inteto ingresar a /favicon.ico que no existe"}
{"level":"warn","message":"Se inteto ingresar a /favicon.ico que no existe"}
{"level":"warn","message":"Se inteto ingresar a /favicon.ico que no existe"}
{"level":"warn","message":"Se inteto ingresar a /favicon.ico que no existe"}
{"level":"warn","message":"Se inteto ingresar a /favicon.ico que no existe"}
{"level":"warn","message":"Se inteto ingresar a /favicon.ico que no existe"}
{"level":"warn","message":"Se inteto ingresar a /favicon.ico que no existe"}
{"level":"warn","message":"Se inteto ingresar a /COD-04 que no existe"}
{"level":"warn","message":"Se inteto ingresar a /COD-1 que no existe"}
{"level":"warn","message":"Se inteto ingresar a /COD-05 que no existe"}
{"level":"warn","message":"Se inteto ingresar a /favicon.ico que no existe"}
{"level":"warn","message":"Se inteto ingresar a /COD-02 que no existe"}
{"level":"warn","message":"Se inteto ingresar a /favicon.ico que no existe"}
{"level":"warn","message":"Se inteto ingresar a /COD-03 que no existe"}
{"level":"warn","message":"Se inteto ingresar a /favicon.ico que no existe"}
{"level":"warn","message":"Se inteto ingresar a /COD-03 que no existe"}
{"level":"warn","message":"Se inteto ingresar a /favicon.ico que no existe"}
{"level":"warn","message":"Se inteto ingresar a /COD-03 que no existe"}
{"level":"warn","message":"Se inteto ingresar a /favicon.ico que no existe"}
{"level":"warn","message":"Se inteto ingresar a /favicon.ico que no existe"}
{"level":"warn","message":"Se inteto ingresar a /favicon.ico que no existe"}
{"level":"warn","message":"Se inteto ingresar a /favicon.ico que no existe"}
{"level":"warn","message":"Se inteto ingresar a /favicon.ico que no existe"}
{"level":"warn","message":"Se inteto ingresar a /favicon.ico que no existe"}
{"level":"warn","message":"Se inteto ingresar a /favicon.ico que no existe"}
{"level":"warn","message":"Se inteto ingresar a /favicon.ico que no existe"}
{"level":"warn","message":"Se inteto ingresar a /favicon.ico que no existe"}
{"level":"warn","message":"Se inteto ingresar a /favicon.ico que no existe"}
{"level":"warn","message":"Se inteto ingresar a /favicon.ico que no existe"}
{"level":"warn","message":"Se inteto ingresar a /favicon.ico que no existe"}
{"level":"warn","message":"Se inteto ingresar a /favicon.ico que no existe"}
{"level":"warn","message":"Se inteto ingresar a /docs que no existe"}
{"level":"warn","message":"Se inteto ingresar a /favicon.ico que no existe"}
{"level":"warn","message":"Se inteto ingresar a /favicon.ico que no existe"}
{"level":"warn","message":"Se inteto ingresar a /favicon.ico que no existe"}
{"level":"warn","message":"Se inteto ingresar a /api-dosc que no existe"}
{"level":"warn","message":"Se inteto ingresar a /favicon.ico que no existe"}
{"level":"warn","message":"Se inteto ingresar a /favicon.ico que no existe"}
{"level":"warn","message":"Se inteto ingresar a /favicon.ico que no existe"}
{"level":"warn","message":"Se inteto ingresar a /favicon.ico que no existe"}
{"level":"warn","message":"Se inteto ingresar a /favicon.ico que no existe"}
{"level":"warn","message":"Se inteto ingresar a /favicon.ico que no existe"}
{"level":"warn","message":"Se inteto ingresar a /favicon.ico que no existe"}
{"level":"warn","message":"Se inteto ingresar a /favicon.ico que no existe"}
{"level":"warn","message":"Se inteto ingresar a /favicon.ico que no existe"}
{"level":"warn","message":"Se inteto ingresar a /api-dosc que no existe"}
{"level":"warn","message":"Se inteto ingresar a /favicon.ico que no existe"}
{"level":"warn","message":"Se inteto ingresar a /favicon.ico que no existe"}
{"level":"warn","message":"Se inteto ingresar a /favicon.ico que no existe"}
{"level":"warn","message":"Se inteto ingresar a /favicon.ico que no existe"}
{"level":"warn","message":"Se inteto ingresar a /favicon.ico que no existe"}
{"level":"warn","message":"Se inteto ingresar a /favicon.ico que no existe"}
{"level":"warn","message":"Se inteto ingresar a /favicon.ico que no existe"}
{"level":"warn","message":"Se inteto ingresar a /favicon.ico que no existe"}
{"level":"warn","message":"Se inteto ingresar a /favicon.ico que no existe"}
{"level":"warn","message":"Se inteto ingresar a /favicon.ico que no existe"}
{"level":"warn","message":"Se inteto ingresar a /favicon.ico que no existe"}
{"level":"warn","message":"Se inteto ingresar a /favicon.ico que no existe"}
